<?xml version="1.0" encoding="UTF-8"?>
<!-- Generated by org.testng.reporters.JUnitReportReporter -->
<testsuite skipped="0" hostname="DESKTOP-20FUL3E" name="TestScenario.Parameterization" tests="4" failures="0" timestamp="2020-11-02T09:26:04 IST" time="0.003" errors="0">
  <testcase name="createNewUser" time="0.001" classname="TestScenario.Parameterization"/>
  <system-out/>
  <testcase name="deleteNewUser" time="0.000" classname="TestScenario.Parameterization"/>
  <system-out/>
  <testcase name="deleteNewUser" time="0.001" classname="TestScenario.Parameterization"/>
  <system-out/>
  <testcase name="createNewUser" time="0.001" classname="TestScenario.Parameterization"/>
  <system-out/>
</testsuite> <!-- TestScenario.Parameterization -->
