<?xml version="1.0" encoding="UTF-8"?>
<!-- Generated by org.testng.reporters.JUnitReportReporter -->
<testsuite skipped="0" hostname="DESKTOP-20FUL3E" name="TestScenario.Selenium4fetures" tests="1" failures="0" timestamp="2020-12-14T17:33:42 IST" time="10.735" errors="0">
  <testcase name="openNewBrowserTab" time="10.735" classname="TestScenario.Selenium4fetures"/>
  <system-out/>
</testsuite> <!-- TestScenario.Selenium4fetures -->
