<?xml version="1.0" encoding="UTF-8"?>
<!-- Generated by org.testng.reporters.JUnitReportReporter -->
<testsuite skipped="0" hostname="DESKTOP-20FUL3E" name="TestScenario.FirstTestNGTestase" tests="3" failures="0" timestamp="2020-11-02T09:26:04 IST" time="0.014" errors="0">
  <testcase name="checkout" time="0.007" classname="TestScenario.FirstTestNGTestase"/>
  <system-out/>
  <testcase name="selectPhone" time="0.006" classname="TestScenario.FirstTestNGTestase"/>
  <system-out/>
  <testcase name="search" time="0.001" classname="TestScenario.FirstTestNGTestase"/>
  <system-out/>
</testsuite> <!-- TestScenario.FirstTestNGTestase -->
