<?xml version="1.0" encoding="UTF-8"?>
<!-- Generated by org.testng.reporters.JUnitReportReporter -->
<testsuite skipped="0" hostname="DESKTOP-20FUL3E" name="TestScenario.BankingApplication" tests="4" failures="0" timestamp="2020-11-04T16:04:01 IST" time="0.015" errors="0">
  <testcase name="LoginBankApp" time="0.010" classname="TestScenario.BankingApplication"/>
  <system-out/>
  <testcase name="checkBalance" time="0.002" classname="TestScenario.BankingApplication"/>
  <system-out/>
  <testcase name="BalanceTransfer" time="0.002" classname="TestScenario.BankingApplication"/>
  <system-out/>
  <testcase name="LogoutBankApp" time="0.001" classname="TestScenario.BankingApplication"/>
  <system-out/>
</testsuite> <!-- TestScenario.BankingApplication -->
